<?xml version="1.0" encoding="UTF-8"?>
<testsuite xmlns:xsi="http://www.w3.org/2001/XMLSchema-instance" xsi:noNamespaceSchemaLocation="https://maven.apache.org/surefire/maven-surefire-plugin/xsd/surefire-test-report.xsd" name="net.gilbert.chris.checkout.service.CheckoutServiceSpec" time="0.533" tests="4" errors="2" skipped="0" failures="0">
  <properties>
    <property name="gopherProxySet" value="false"/>
    <property name="awt.toolkit" value="sun.lwawt.macosx.LWCToolkit"/>
    <property name="java.specification.version" value="11"/>
    <property name="sun.cpu.isalist" value=""/>
    <property name="sun.jnu.encoding" value="UTF-8"/>
    <property name="java.class.path" value="/Users/cngilber/projects/other/checkout-kata-2/target/test-classes:/Users/cngilber/projects/other/checkout-kata-2/target/classes:/Users/cngilber/.m2/repository/org/apache/commons/commons-lang3/3.11/commons-lang3-3.11.jar:/Users/cngilber/.m2/repository/org/spockframework/spock-core/1.3-groovy-2.5/spock-core-1.3-groovy-2.5.jar:/Users/cngilber/.m2/repository/org/codehaus/groovy/groovy/2.5.4/groovy-2.5.4.jar:/Users/cngilber/.m2/repository/org/codehaus/groovy/groovy-json/2.5.4/groovy-json-2.5.4.jar:/Users/cngilber/.m2/repository/org/codehaus/groovy/groovy-nio/2.5.4/groovy-nio-2.5.4.jar:/Users/cngilber/.m2/repository/org/codehaus/groovy/groovy-macro/2.5.4/groovy-macro-2.5.4.jar:/Users/cngilber/.m2/repository/org/codehaus/groovy/groovy-templates/2.5.4/groovy-templates-2.5.4.jar:/Users/cngilber/.m2/repository/org/codehaus/groovy/groovy-test/2.5.4/groovy-test-2.5.4.jar:/Users/cngilber/.m2/repository/org/codehaus/groovy/groovy-sql/2.5.4/groovy-sql-2.5.4.jar:/Users/cngilber/.m2/repository/org/codehaus/groovy/groovy-xml/2.5.4/groovy-xml-2.5.4.jar:/Users/cngilber/.m2/repository/junit/junit/4.12/junit-4.12.jar:/Users/cngilber/.m2/repository/org/hamcrest/hamcrest-core/1.3/hamcrest-core-1.3.jar:/Users/cngilber/.m2/repository/cglib/cglib-nodep/3.3.0/cglib-nodep-3.3.0.jar:/Users/cngilber/.m2/repository/org/objenesis/objenesis/3.1/objenesis-3.1.jar:/Users/cngilber/.m2/repository/org/jetbrains/kotlin/kotlin-stdlib-jdk8/1.5.21/kotlin-stdlib-jdk8-1.5.21.jar:/Users/cngilber/.m2/repository/org/jetbrains/kotlin/kotlin-stdlib/1.5.21/kotlin-stdlib-1.5.21.jar:/Users/cngilber/.m2/repository/org/jetbrains/annotations/13.0/annotations-13.0.jar:/Users/cngilber/.m2/repository/org/jetbrains/kotlin/kotlin-stdlib-common/1.5.21/kotlin-stdlib-common-1.5.21.jar:/Users/cngilber/.m2/repository/org/jetbrains/kotlin/kotlin-stdlib-jdk7/1.5.21/kotlin-stdlib-jdk7-1.5.21.jar:"/>
    <property name="java.vm.vendor" value="AdoptOpenJDK"/>
    <property name="sun.arch.data.model" value="64"/>
    <property name="java.vendor.url" value="https://adoptopenjdk.net/"/>
    <property name="user.timezone" value=""/>
    <property name="java.vm.specification.version" value="11"/>
    <property name="os.name" value="Mac OS X"/>
    <property name="sun.java.launcher" value="SUN_STANDARD"/>
    <property name="user.country" value="GB"/>
    <property name="sun.boot.library.path" value="/Users/cngilber/.sdkman/candidates/java/11.0.11.hs-adpt/lib"/>
    <property name="sun.java.command" value="/Users/cngilber/projects/other/checkout-kata-2/target/surefire/surefirebooter571338442405237889.jar /Users/cngilber/projects/other/checkout-kata-2/target/surefire 2021-10-25T21-55-32_039-jvmRun1 surefire1837679873670405855tmp surefire_012659764830417824314tmp"/>
    <property name="jdk.debug" value="release"/>
    <property name="surefire.test.class.path" value="/Users/cngilber/projects/other/checkout-kata-2/target/test-classes:/Users/cngilber/projects/other/checkout-kata-2/target/classes:/Users/cngilber/.m2/repository/org/apache/commons/commons-lang3/3.11/commons-lang3-3.11.jar:/Users/cngilber/.m2/repository/org/spockframework/spock-core/1.3-groovy-2.5/spock-core-1.3-groovy-2.5.jar:/Users/cngilber/.m2/repository/org/codehaus/groovy/groovy/2.5.4/groovy-2.5.4.jar:/Users/cngilber/.m2/repository/org/codehaus/groovy/groovy-json/2.5.4/groovy-json-2.5.4.jar:/Users/cngilber/.m2/repository/org/codehaus/groovy/groovy-nio/2.5.4/groovy-nio-2.5.4.jar:/Users/cngilber/.m2/repository/org/codehaus/groovy/groovy-macro/2.5.4/groovy-macro-2.5.4.jar:/Users/cngilber/.m2/repository/org/codehaus/groovy/groovy-templates/2.5.4/groovy-templates-2.5.4.jar:/Users/cngilber/.m2/repository/org/codehaus/groovy/groovy-test/2.5.4/groovy-test-2.5.4.jar:/Users/cngilber/.m2/repository/org/codehaus/groovy/groovy-sql/2.5.4/groovy-sql-2.5.4.jar:/Users/cngilber/.m2/repository/org/codehaus/groovy/groovy-xml/2.5.4/groovy-xml-2.5.4.jar:/Users/cngilber/.m2/repository/junit/junit/4.12/junit-4.12.jar:/Users/cngilber/.m2/repository/org/hamcrest/hamcrest-core/1.3/hamcrest-core-1.3.jar:/Users/cngilber/.m2/repository/cglib/cglib-nodep/3.3.0/cglib-nodep-3.3.0.jar:/Users/cngilber/.m2/repository/org/objenesis/objenesis/3.1/objenesis-3.1.jar:/Users/cngilber/.m2/repository/org/jetbrains/kotlin/kotlin-stdlib-jdk8/1.5.21/kotlin-stdlib-jdk8-1.5.21.jar:/Users/cngilber/.m2/repository/org/jetbrains/kotlin/kotlin-stdlib/1.5.21/kotlin-stdlib-1.5.21.jar:/Users/cngilber/.m2/repository/org/jetbrains/annotations/13.0/annotations-13.0.jar:/Users/cngilber/.m2/repository/org/jetbrains/kotlin/kotlin-stdlib-common/1.5.21/kotlin-stdlib-common-1.5.21.jar:/Users/cngilber/.m2/repository/org/jetbrains/kotlin/kotlin-stdlib-jdk7/1.5.21/kotlin-stdlib-jdk7-1.5.21.jar:"/>
    <property name="sun.cpu.endian" value="little"/>
    <property name="user.home" value="/Users/cngilber"/>
    <property name="user.language" value="en"/>
    <property name="java.specification.vendor" value="Oracle Corporation"/>
    <property name="java.version.date" value="2021-04-20"/>
    <property name="java.home" value="/Users/cngilber/.sdkman/candidates/java/11.0.11.hs-adpt"/>
    <property name="file.separator" value="/"/>
    <property name="basedir" value="/Users/cngilber/projects/other/checkout-kata-2"/>
    <property name="java.vm.compressedOopsMode" value="Zero based"/>
    <property name="line.separator" value="&#10;"/>
    <property name="java.specification.name" value="Java Platform API Specification"/>
    <property name="java.vm.specification.vendor" value="Oracle Corporation"/>
    <property name="java.awt.graphicsenv" value="sun.awt.CGraphicsEnvironment"/>
    <property name="surefire.real.class.path" value="/Users/cngilber/projects/other/checkout-kata-2/target/surefire/surefirebooter571338442405237889.jar"/>
    <property name="sun.management.compiler" value="HotSpot 64-Bit Tiered Compilers"/>
    <property name="java.runtime.version" value="11.0.11+9"/>
    <property name="user.name" value="cngilber"/>
    <property name="path.separator" value=":"/>
    <property name="os.version" value="11.5"/>
    <property name="java.runtime.name" value="OpenJDK Runtime Environment"/>
    <property name="file.encoding" value="UTF-8"/>
    <property name="java.vm.name" value="OpenJDK 64-Bit Server VM"/>
    <property name="java.vendor.version" value="AdoptOpenJDK-11.0.11+9"/>
    <property name="localRepository" value="/Users/cngilber/.m2/repository"/>
    <property name="java.vendor.url.bug" value="https://github.com/AdoptOpenJDK/openjdk-support/issues"/>
    <property name="java.io.tmpdir" value="/var/folders/hz/b7l6vqcn539fyl5vvygzd9v40000gp/T/"/>
    <property name="java.version" value="11.0.11"/>
    <property name="user.dir" value="/Users/cngilber/projects/other/checkout-kata-2"/>
    <property name="os.arch" value="x86_64"/>
    <property name="java.vm.specification.name" value="Java Virtual Machine Specification"/>
    <property name="java.awt.printerjob" value="sun.lwawt.macosx.CPrinterJob"/>
    <property name="sun.os.patch.level" value="unknown"/>
    <property name="java.library.path" value="/Users/cngilber/Library/Java/Extensions:/Library/Java/Extensions:/Network/Library/Java/Extensions:/System/Library/Java/Extensions:/usr/lib/java:."/>
    <property name="java.vm.info" value="mixed mode"/>
    <property name="java.vendor" value="AdoptOpenJDK"/>
    <property name="java.vm.version" value="11.0.11+9"/>
    <property name="sun.io.unicode.encoding" value="UnicodeBig"/>
    <property name="java.class.version" value="55.0"/>
  </properties>
  <testcase name="Start a new checkout" classname="net.gilbert.chris.checkout.service.CheckoutServiceSpec" time="0.179">
    <error message="Cannot create mock for class net.gilbert.chris.checkout.repository.SpecialOfferRepository because Java mocks cannot mock final classes. If the code under test is written in Groovy, use a Groovy mock." type="org.spockframework.mock.CannotCreateMockException">org.spockframework.mock.CannotCreateMockException: Cannot create mock for class net.gilbert.chris.checkout.repository.SpecialOfferRepository because Java mocks cannot mock final classes. If the code under test is written in Groovy, use a Groovy mock.
	at net.gilbert.chris.checkout.service.CheckoutServiceSpec.Start a new checkout(CheckoutServiceSpec.groovy:19)
</error>
  </testcase>
  <testcase name="Empty basket - known item scanned" classname="net.gilbert.chris.checkout.service.CheckoutServiceSpec" time="0.001">
    <error message="Cannot create mock for class net.gilbert.chris.checkout.domain.PricingRules because Java mocks cannot mock final classes. If the code under test is written in Groovy, use a Groovy mock." type="org.spockframework.mock.CannotCreateMockException">org.spockframework.mock.CannotCreateMockException: Cannot create mock for class net.gilbert.chris.checkout.domain.PricingRules because Java mocks cannot mock final classes. If the code under test is written in Groovy, use a Groovy mock.
	at net.gilbert.chris.checkout.service.CheckoutServiceSpec.Empty basket - known item scanned(CheckoutServiceSpec.groovy:38)
</error>
  </testcase>
  <testcase name="Basket with existing items - known item scanned" classname="net.gilbert.chris.checkout.service.CheckoutServiceSpec" time="0.018"/>
  <testcase name="Unknown item scanned" classname="net.gilbert.chris.checkout.service.CheckoutServiceSpec" time="0"/>
</testsuite>